-------------------------------------------------------------------------------
Test set: QA_testing_2024.QA_testing_2024.AppTest
-------------------------------------------------------------------------------
Tests run: 10, Failures: 0, Errors: 3, Skipped: 0, Time elapsed: 0.155 s <<< FAILURE! -- in QA_testing_2024.QA_testing_2024.AppTest
QA_testing_2024.QA_testing_2024.AppTest.Test_2 -- Time elapsed: 0.008 s <<< ERROR!
java.lang.Error: 
Unresolved compilation problem: 
	The method Calculate(double, double, String) in the type ex4 is not applicable for the arguments (int, String, String)

	at QA_testing_2024.QA_testing_2024.AppTest.Test_2(AppTest.java:36)
	at java.base/java.lang.reflect.Method.invoke(Method.java:568)
	at java.base/java.util.ArrayList.forEach(ArrayList.java:1511)
	at java.base/java.util.ArrayList.forEach(ArrayList.java:1511)

QA_testing_2024.QA_testing_2024.AppTest.Test_4 -- Time elapsed: 0.003 s <<< ERROR!
java.lang.Error: 
Unresolved compilation problem: 
	The method Calculate(double, double, String) in the type ex4 is not applicable for the arguments (String, int, String)

	at QA_testing_2024.QA_testing_2024.AppTest.Test_4(AppTest.java:57)
	at java.base/java.lang.reflect.Method.invoke(Method.java:568)
	at java.base/java.util.ArrayList.forEach(ArrayList.java:1511)
	at java.base/java.util.ArrayList.forEach(ArrayList.java:1511)

QA_testing_2024.QA_testing_2024.AppTest.Test_6 -- Time elapsed: 0.004 s <<< ERROR!
java.lang.ArithmeticException: / by zero
	at QA_testing_2024.QA_testing_2024.AppTest.Test_6(AppTest.java:76)
	at java.base/java.lang.reflect.Method.invoke(Method.java:568)
	at java.base/java.util.ArrayList.forEach(ArrayList.java:1511)
	at java.base/java.util.ArrayList.forEach(ArrayList.java:1511)

