<?xml version="1.0" encoding="UTF-8"?>
<testsuite xmlns:xsi="http://www.w3.org/2001/XMLSchema-instance" xsi:noNamespaceSchemaLocation="https://maven.apache.org/surefire/maven-surefire-plugin/xsd/surefire-test-report.xsd" version="3.0.1" name="QA_testing_2024.QA_testing_2024.AppTest" time="0.155" tests="10" errors="3" skipped="0" failures="0">
  <properties>
[...]
</properties>
  <testcase name="Test_1" classname="QA_testing_2024.QA_testing_2024.AppTest" time="0.035"/>
  <testcase name="Test_2" classname="QA_testing_2024.QA_testing_2024.AppTest" time="0.008">
    <error message="Unresolved compilation problem: &#10;	The method Calculate(double, double, String) in the type ex4 is not applicable for the arguments (int, String, String)&#10;" type="java.lang.Error"><![CDATA[java.lang.Error: 
Unresolved compilation problem: 
	The method Calculate(double, double, String) in the type ex4 is not applicable for the arguments (int, String, String)

	at QA_testing_2024.QA_testing_2024.AppTest.Test_2(AppTest.java:36)
	at java.base/java.lang.reflect.Method.invoke(Method.java:568)
	at java.base/java.util.ArrayList.forEach(ArrayList.java:1511)
	at java.base/java.util.ArrayList.forEach(ArrayList.java:1511)
]]></error>
  </testcase>
  <testcase name="Test_3" classname="QA_testing_2024.QA_testing_2024.AppTest" time="0.001"/>
  <testcase name="Test_4" classname="QA_testing_2024.QA_testing_2024.AppTest" time="0.003">
    <error message="Unresolved compilation problem: &#10;	The method Calculate(double, double, String) in the type ex4 is not applicable for the arguments (String, int, String)&#10;" type="java.lang.Error"><![CDATA[java.lang.Error: 
Unresolved compilation problem: 
	The method Calculate(double, double, String) in the type ex4 is not applicable for the arguments (String, int, String)

	at QA_testing_2024.QA_testing_2024.AppTest.Test_4(AppTest.java:57)
	at java.base/java.lang.reflect.Method.invoke(Method.java:568)
	at java.base/java.util.ArrayList.forEach(ArrayList.java:1511)
	at java.base/java.util.ArrayList.forEach(ArrayList.java:1511)
]]></error>
  </testcase>
  <testcase name="Test_5" classname="QA_testing_2024.QA_testing_2024.AppTest" time="0.002"/>
  <testcase name="Test_6" classname="QA_testing_2024.QA_testing_2024.AppTest" time="0.004">
    <error message="/ by zero" type="java.lang.ArithmeticException"><![CDATA[java.lang.ArithmeticException: / by zero
	at QA_testing_2024.QA_testing_2024.AppTest.Test_6(AppTest.java:76)
	at java.base/java.lang.reflect.Method.invoke(Method.java:568)
	at java.base/java.util.ArrayList.forEach(ArrayList.java:1511)
	at java.base/java.util.ArrayList.forEach(ArrayList.java:1511)
]]></error>
  </testcase>
  <testcase name="Test_7" classname="QA_testing_2024.QA_testing_2024.AppTest" time="0.002"/>
  <testcase name="Test_8" classname="QA_testing_2024.QA_testing_2024.AppTest" time="0.002"/>
  <testcase name="Test_9" classname="QA_testing_2024.QA_testing_2024.AppTest" time="0.002"/>
  <testcase name="shouldAnswerWithTrue" classname="QA_testing_2024.QA_testing_2024.AppTest" time="0.006"/>
</testsuite>